{
"contracts/IMonMinter.sol":{"l":{},"path":"/home/owen/GitHub/0xmons-contracts/contracts/IMonMinter.sol","s":{},"b":{},"f":{},"fnMap":{},"statementMap":{},"branchMap":{}},
"contracts/IXMON.sol":{"l":{},"path":"/home/owen/GitHub/0xmons-contracts/contracts/IXMON.sol","s":{},"b":{},"f":{},"fnMap":{},"statementMap":{},"branchMap":{}},
"contracts/MonCreatorInstance.sol":{"l":{"24":74,"25":42,"29":41,"30":40,"34":6,"38":4},"path":"/home/owen/GitHub/0xmons-contracts/contracts/MonCreatorInstance.sol","s":{"1":74,"2":41,"3":40,"4":6,"5":4},"b":{"1":[42,32],"2":[40,1]},"f":{"1":74,"2":41,"3":6,"4":4},"fnMap":{"1":{"name":"onlyAdmin","line":23,"loc":{"start":{"line":23,"column":2},"end":{"line":26,"column":2}}},"2":{"name":"updateNumMons","line":28,"loc":{"start":{"line":28,"column":2},"end":{"line":31,"column":2}}},"3":{"name":"setMaxMons","line":33,"loc":{"start":{"line":33,"column":2},"end":{"line":35,"column":2}}},"4":{"name":"setPrefixURI","line":37,"loc":{"start":{"line":37,"column":2},"end":{"line":39,"column":2}}}},"statementMap":{"1":{"start":{"line":24,"column":4},"end":{"line":24,"column":64}},"2":{"start":{"line":29,"column":4},"end":{"line":29,"column":49}},"3":{"start":{"line":30,"column":4},"end":{"line":30,"column":27}},"4":{"start":{"line":34,"column":4},"end":{"line":34,"column":14}},"5":{"start":{"line":38,"column":4},"end":{"line":38,"column":21}}},"branchMap":{"1":{"line":24,"type":"if","locations":[{"start":{"line":24,"column":4},"end":{"line":24,"column":4}},{"start":{"line":24,"column":4},"end":{"line":24,"column":4}}]},"2":{"line":29,"type":"if","locations":[{"start":{"line":29,"column":4},"end":{"line":29,"column":4}},{"start":{"line":29,"column":4},"end":{"line":29,"column":4}}]}}},
"contracts/MonMinter.sol":{"l":{"16":18,"17":10,"21":94,"22":88,"38":3,"41":3,"44":3,"77":44,"78":44,"79":44,"90":44,"91":44,"106":3,"107":3,"108":2,"109":1,"111":2,"112":1,"114":2,"115":1,"117":2,"118":1,"120":2,"121":1,"123":2,"124":1,"126":2,"127":1,"129":2,"130":2,"134":1,"135":1,"136":1,"137":1,"138":1,"139":1,"140":1,"141":1,"147":41,"152":3,"157":1,"158":1,"163":1,"168":5},"path":"/home/owen/GitHub/0xmons-contracts/contracts/MonMinter.sol","s":{"1":18,"2":94,"3":3,"4":3,"5":3,"6":44,"7":44,"8":44,"9":44,"10":44,"11":3,"12":3,"13":2,"14":1,"15":2,"16":1,"17":2,"18":1,"19":2,"20":1,"21":2,"22":1,"23":2,"24":1,"25":2,"26":1,"27":2,"28":2,"29":1,"30":1,"31":1,"32":1,"33":1,"34":1,"35":1,"36":1,"37":41,"38":3,"39":1,"40":1,"41":1,"42":5},"b":{"1":[10,8],"2":[88,6],"3":[2,1],"4":[1,1],"5":[1,1],"6":[1,1],"7":[1,1],"8":[1,1],"9":[1,1],"10":[1,1],"11":[2,0]},"f":{"1":18,"2":94,"3":3,"4":44,"5":3,"6":41,"7":3,"8":1,"9":1,"10":5},"fnMap":{"1":{"name":"onlyAdmin","line":15,"loc":{"start":{"line":15,"column":2},"end":{"line":18,"column":2}}},"2":{"name":"onlyMinter","line":20,"loc":{"start":{"line":20,"column":2},"end":{"line":23,"column":2}}},"3":{"name":"constructor","line":35,"loc":{"start":{"line":35,"column":2},"end":{"line":64,"column":2}}},"4":{"name":"mintMonster","line":76,"loc":{"start":{"line":67,"column":2},"end":{"line":92,"column":2}}},"5":{"name":"modifyMon","line":105,"loc":{"start":{"line":95,"column":2},"end":{"line":143,"column":2}}},"6":{"name":"setTokenURI","line":146,"loc":{"start":{"line":146,"column":2},"end":{"line":148,"column":2}}},"7":{"name":"setBaseURI","line":151,"loc":{"start":{"line":151,"column":2},"end":{"line":153,"column":2}}},"8":{"name":"moveTokens","line":156,"loc":{"start":{"line":156,"column":2},"end":{"line":159,"column":2}}},"9":{"name":"setRarityTitle","line":162,"loc":{"start":{"line":162,"column":2},"end":{"line":164,"column":2}}},"10":{"name":"setMinterRole","line":167,"loc":{"start":{"line":167,"column":2},"end":{"line":169,"column":2}}}},"statementMap":{"1":{"start":{"line":16,"column":4},"end":{"line":16,"column":64}},"2":{"start":{"line":21,"column":4},"end":{"line":21,"column":58}},"3":{"start":{"line":38,"column":4},"end":{"line":38,"column":45}},"4":{"start":{"line":41,"column":4},"end":{"line":41,"column":37}},"5":{"start":{"line":44,"column":4},"end":{"line":44,"column":1226}},"6":{"start":{"line":77,"column":4},"end":{"line":77,"column":37}},"7":{"start":{"line":78,"column":4},"end":{"line":78,"column":21}},"8":{"start":{"line":79,"column":4},"end":{"line":79,"column":2046}},"9":{"start":{"line":90,"column":4},"end":{"line":90,"column":24}},"10":{"start":{"line":91,"column":4},"end":{"line":91,"column":18}},"11":{"start":{"line":106,"column":4},"end":{"line":106,"column":40}},"12":{"start":{"line":107,"column":4},"end":{"line":107,"column":2751}},"13":{"start":{"line":108,"column":6},"end":{"line":108,"column":2778}},"14":{"start":{"line":109,"column":8},"end":{"line":109,"column":36}},"15":{"start":{"line":111,"column":6},"end":{"line":111,"column":2853}},"16":{"start":{"line":112,"column":8},"end":{"line":112,"column":36}},"17":{"start":{"line":114,"column":6},"end":{"line":114,"column":2928}},"18":{"start":{"line":115,"column":8},"end":{"line":115,"column":46}},"19":{"start":{"line":117,"column":6},"end":{"line":117,"column":3027}},"20":{"start":{"line":118,"column":8},"end":{"line":118,"column":44}},"21":{"start":{"line":120,"column":6},"end":{"line":120,"column":3114}},"22":{"start":{"line":121,"column":8},"end":{"line":121,"column":24}},"23":{"start":{"line":123,"column":6},"end":{"line":123,"column":3171}},"24":{"start":{"line":124,"column":8},"end":{"line":124,"column":26}},"25":{"start":{"line":126,"column":6},"end":{"line":126,"column":3231}},"26":{"start":{"line":127,"column":8},"end":{"line":127,"column":24}},"27":{"start":{"line":129,"column":6},"end":{"line":129,"column":3288}},"28":{"start":{"line":130,"column":8},"end":{"line":130,"column":30}},"29":{"start":{"line":134,"column":6},"end":{"line":134,"column":34}},"30":{"start":{"line":135,"column":6},"end":{"line":135,"column":34}},"31":{"start":{"line":136,"column":6},"end":{"line":136,"column":44}},"32":{"start":{"line":137,"column":6},"end":{"line":137,"column":42}},"33":{"start":{"line":138,"column":6},"end":{"line":138,"column":22}},"34":{"start":{"line":139,"column":6},"end":{"line":139,"column":24}},"35":{"start":{"line":140,"column":6},"end":{"line":140,"column":22}},"36":{"start":{"line":141,"column":6},"end":{"line":141,"column":28}},"37":{"start":{"line":147,"column":4},"end":{"line":147,"column":24}},"38":{"start":{"line":152,"column":4},"end":{"line":152,"column":19}},"39":{"start":{"line":157,"column":4},"end":{"line":157,"column":40}},"40":{"start":{"line":158,"column":4},"end":{"line":158,"column":37}},"41":{"start":{"line":163,"column":4},"end":{"line":163,"column":24}},"42":{"start":{"line":168,"column":4},"end":{"line":168,"column":28}}},"branchMap":{"1":{"line":16,"type":"if","locations":[{"start":{"line":16,"column":4},"end":{"line":16,"column":4}},{"start":{"line":16,"column":4},"end":{"line":16,"column":4}}]},"2":{"line":21,"type":"if","locations":[{"start":{"line":21,"column":4},"end":{"line":21,"column":4}},{"start":{"line":21,"column":4},"end":{"line":21,"column":4}}]},"3":{"line":107,"type":"if","locations":[{"start":{"line":107,"column":4},"end":{"line":107,"column":4}},{"start":{"line":107,"column":4},"end":{"line":107,"column":4}}]},"4":{"line":108,"type":"if","locations":[{"start":{"line":108,"column":6},"end":{"line":108,"column":6}},{"start":{"line":108,"column":6},"end":{"line":108,"column":6}}]},"5":{"line":111,"type":"if","locations":[{"start":{"line":111,"column":6},"end":{"line":111,"column":6}},{"start":{"line":111,"column":6},"end":{"line":111,"column":6}}]},"6":{"line":114,"type":"if","locations":[{"start":{"line":114,"column":6},"end":{"line":114,"column":6}},{"start":{"line":114,"column":6},"end":{"line":114,"column":6}}]},"7":{"line":117,"type":"if","locations":[{"start":{"line":117,"column":6},"end":{"line":117,"column":6}},{"start":{"line":117,"column":6},"end":{"line":117,"column":6}}]},"8":{"line":120,"type":"if","locations":[{"start":{"line":120,"column":6},"end":{"line":120,"column":6}},{"start":{"line":120,"column":6},"end":{"line":120,"column":6}}]},"9":{"line":123,"type":"if","locations":[{"start":{"line":123,"column":6},"end":{"line":123,"column":6}},{"start":{"line":123,"column":6},"end":{"line":123,"column":6}}]},"10":{"line":126,"type":"if","locations":[{"start":{"line":126,"column":6},"end":{"line":126,"column":6}},{"start":{"line":126,"column":6},"end":{"line":126,"column":6}}]},"11":{"line":129,"type":"if","locations":[{"start":{"line":129,"column":6},"end":{"line":129,"column":6}},{"start":{"line":129,"column":6},"end":{"line":129,"column":6}}]}}},
"contracts/MonSpawner.sol":{"l":{"18":5,"19":3,"42":3,"45":3,"48":3,"51":3,"55":20,"56":18,"57":16,"58":12,"59":10,"60":8,"61":6,"64":5,"65":5,"68":5,"71":5,"72":5,"75":5,"76":5,"79":5,"80":5,"81":1,"85":5,"107":5,"108":5,"110":5,"114":3,"118":2,"122":2,"126":1,"130":2,"134":1,"135":1},"path":"/home/owen/GitHub/0xmons-contracts/contracts/MonSpawner.sol","s":{"1":5,"2":3,"3":3,"4":3,"5":3,"6":20,"7":18,"8":16,"9":12,"10":10,"11":8,"12":6,"13":5,"14":5,"15":5,"16":5,"17":5,"18":5,"19":5,"20":5,"21":5,"22":1,"23":5,"24":5,"25":5,"26":5,"27":3,"28":2,"29":2,"30":1,"31":2,"32":1,"33":1},"b":{"1":[3,2],"2":[18,2],"3":[16,2],"4":[12,4],"5":[10,2],"6":[8,2],"7":[6,2],"8":[1,4]},"f":{"1":5,"2":3,"3":20,"4":3,"5":2,"6":2,"7":1,"8":2,"9":1},"fnMap":{"1":{"name":"onlySpawnerAdmin","line":17,"loc":{"start":{"line":17,"column":2},"end":{"line":20,"column":2}}},"2":{"name":"constructor","line":39,"loc":{"start":{"line":39,"column":2},"end":{"line":52,"column":2}}},"3":{"name":"spawnNewMon","line":54,"loc":{"start":{"line":54,"column":2},"end":{"line":111,"column":2}}},"4":{"name":"setMonUnlock","line":113,"loc":{"start":{"line":113,"column":2},"end":{"line":115,"column":2}}},"5":{"name":"setInitialDelay","line":117,"loc":{"start":{"line":117,"column":2},"end":{"line":119,"column":2}}},"6":{"name":"setExtraDelay","line":121,"loc":{"start":{"line":121,"column":2},"end":{"line":123,"column":2}}},"7":{"name":"setSpawnFee","line":125,"loc":{"start":{"line":125,"column":2},"end":{"line":127,"column":2}}},"8":{"name":"setSpawnerAdminRole","line":129,"loc":{"start":{"line":129,"column":2},"end":{"line":131,"column":2}}},"9":{"name":"moveTokens","line":133,"loc":{"start":{"line":133,"column":2},"end":{"line":136,"column":2}}}},"statementMap":{"1":{"start":{"line":18,"column":4},"end":{"line":18,"column":72}},"2":{"start":{"line":42,"column":4},"end":{"line":42,"column":45}},"3":{"start":{"line":45,"column":4},"end":{"line":45,"column":29}},"4":{"start":{"line":48,"column":4},"end":{"line":48,"column":43}},"5":{"start":{"line":51,"column":4},"end":{"line":51,"column":26}},"6":{"start":{"line":55,"column":4},"end":{"line":55,"column":71}},"7":{"start":{"line":56,"column":4},"end":{"line":56,"column":71}},"8":{"start":{"line":57,"column":4},"end":{"line":57,"column":73}},"9":{"start":{"line":58,"column":4},"end":{"line":58,"column":72}},"10":{"start":{"line":59,"column":4},"end":{"line":59,"column":72}},"11":{"start":{"line":60,"column":4},"end":{"line":60,"column":63}},"12":{"start":{"line":61,"column":4},"end":{"line":61,"column":24}},"13":{"start":{"line":64,"column":4},"end":{"line":64,"column":36}},"14":{"start":{"line":65,"column":4},"end":{"line":65,"column":36}},"15":{"start":{"line":68,"column":4},"end":{"line":68,"column":57}},"16":{"start":{"line":71,"column":4},"end":{"line":71,"column":50}},"17":{"start":{"line":72,"column":4},"end":{"line":72,"column":50}},"18":{"start":{"line":75,"column":4},"end":{"line":75,"column":90}},"19":{"start":{"line":76,"column":4},"end":{"line":76,"column":90}},"20":{"start":{"line":79,"column":4},"end":{"line":79,"column":33}},"21":{"start":{"line":80,"column":4},"end":{"line":80,"column":2701}},"22":{"start":{"line":81,"column":6},"end":{"line":81,"column":26}},"23":{"start":{"line":85,"column":4},"end":{"line":85,"column":2797}},"24":{"start":{"line":107,"column":4},"end":{"line":107,"column":79}},"25":{"start":{"line":108,"column":4},"end":{"line":108,"column":33}},"26":{"start":{"line":110,"column":4},"end":{"line":110,"column":14}},"27":{"start":{"line":114,"column":4},"end":{"line":114,"column":27}},"28":{"start":{"line":118,"column":4},"end":{"line":118,"column":19}},"29":{"start":{"line":122,"column":4},"end":{"line":122,"column":17}},"30":{"start":{"line":126,"column":4},"end":{"line":126,"column":15}},"31":{"start":{"line":130,"column":4},"end":{"line":130,"column":35}},"32":{"start":{"line":134,"column":4},"end":{"line":134,"column":40}},"33":{"start":{"line":135,"column":4},"end":{"line":135,"column":37}}},"branchMap":{"1":{"line":18,"type":"if","locations":[{"start":{"line":18,"column":4},"end":{"line":18,"column":4}},{"start":{"line":18,"column":4},"end":{"line":18,"column":4}}]},"2":{"line":55,"type":"if","locations":[{"start":{"line":55,"column":4},"end":{"line":55,"column":4}},{"start":{"line":55,"column":4},"end":{"line":55,"column":4}}]},"3":{"line":56,"type":"if","locations":[{"start":{"line":56,"column":4},"end":{"line":56,"column":4}},{"start":{"line":56,"column":4},"end":{"line":56,"column":4}}]},"4":{"line":57,"type":"if","locations":[{"start":{"line":57,"column":4},"end":{"line":57,"column":4}},{"start":{"line":57,"column":4},"end":{"line":57,"column":4}}]},"5":{"line":58,"type":"if","locations":[{"start":{"line":58,"column":4},"end":{"line":58,"column":4}},{"start":{"line":58,"column":4},"end":{"line":58,"column":4}}]},"6":{"line":59,"type":"if","locations":[{"start":{"line":59,"column":4},"end":{"line":59,"column":4}},{"start":{"line":59,"column":4},"end":{"line":59,"column":4}}]},"7":{"line":60,"type":"if","locations":[{"start":{"line":60,"column":4},"end":{"line":60,"column":4}},{"start":{"line":60,"column":4},"end":{"line":60,"column":4}}]},"8":{"line":80,"type":"if","locations":[{"start":{"line":80,"column":4},"end":{"line":80,"column":4}},{"start":{"line":80,"column":4},"end":{"line":80,"column":4}}]}}},
"contracts/MonStaker.sol":{"l":{"52":12,"53":6,"59":3,"62":3,"65":3,"68":3,"71":3,"74":3,"77":3,"80":3,"86":43,"89":43,"92":43,"95":41,"101":41,"102":35,"106":41,"111":37,"114":37,"117":37,"120":37,"125":1,"128":1,"131":1,"137":118,"138":75,"139":75,"142":75,"150":37,"153":37,"154":37,"155":35,"158":35,"161":35,"164":35,"167":35,"168":1,"172":35,"194":35,"195":35,"198":35,"203":31,"206":31,"210":1,"214":9,"218":4,"222":2,"226":2,"230":2,"231":2,"236":2,"240":2,"241":0,"242":0,"246":2,"250":2,"254":2,"258":1,"259":1},"path":"/home/owen/GitHub/0xmons-contracts/contracts/MonStaker.sol","s":{"1":12,"2":3,"3":3,"4":3,"5":3,"6":3,"7":3,"8":3,"9":3,"10":43,"11":43,"12":43,"13":41,"14":41,"15":35,"16":41,"17":37,"18":37,"19":37,"20":1,"21":1,"22":118,"23":75,"24":75,"25":75,"26":37,"27":37,"28":37,"29":35,"30":35,"31":35,"32":35,"33":35,"34":1,"35":35,"36":35,"37":35,"38":35,"39":31,"40":31,"41":1,"42":9,"43":4,"44":2,"45":2,"46":2,"47":2,"48":2,"49":2,"50":0,"51":0,"52":2,"53":2,"54":2,"55":1,"56":1},"b":{"1":[6,6],"2":[41,2],"3":[35,6],"4":[75,43],"5":[37,0],"6":[35,2],"7":[1,34],"8":[2,0],"9":[0,2]},"f":{"1":12,"2":3,"3":43,"4":37,"5":1,"6":118,"7":37,"8":31,"9":1,"10":9,"11":4,"12":2,"13":2,"14":2,"15":2,"16":2,"17":2,"18":2,"19":2,"20":1},"fnMap":{"1":{"name":"onlyStakerAdmin","line":51,"loc":{"start":{"line":51,"column":2},"end":{"line":54,"column":2}}},"2":{"name":"constructor","line":56,"loc":{"start":{"line":56,"column":2},"end":{"line":81,"column":2}}},"3":{"name":"addStake","line":83,"loc":{"start":{"line":83,"column":2},"end":{"line":107,"column":2}}},"4":{"name":"removeStake","line":109,"loc":{"start":{"line":109,"column":2},"end":{"line":121,"column":2}}},"5":{"name":"emergencyRemoveStake","line":123,"loc":{"start":{"line":123,"column":2},"end":{"line":132,"column":2}}},"6":{"name":"awardDoom","line":135,"loc":{"start":{"line":135,"column":2},"end":{"line":144,"column":2}}},"7":{"name":"claimMon","line":147,"loc":{"start":{"line":147,"column":2},"end":{"line":199,"column":2}}},"8":{"name":"resetDelay","line":201,"loc":{"start":{"line":201,"column":2},"end":{"line":207,"column":2}}},"9":{"name":"setRarity","line":209,"loc":{"start":{"line":209,"column":2},"end":{"line":211,"column":2}}},"10":{"name":"setMaxStake","line":213,"loc":{"start":{"line":213,"column":2},"end":{"line":215,"column":2}}},"11":{"name":"setStartDelay","line":217,"loc":{"start":{"line":217,"column":2},"end":{"line":219,"column":2}}},"12":{"name":"setResetFee","line":221,"loc":{"start":{"line":221,"column":2},"end":{"line":223,"column":2}}},"13":{"name":"setDoomFee","line":225,"loc":{"start":{"line":225,"column":2},"end":{"line":227,"column":2}}},"14":{"name":"setMaxDelay","line":229,"loc":{"start":{"line":229,"column":2},"end":{"line":232,"column":2}}},"15":{"name":"setStakerAdminRole","line":235,"loc":{"start":{"line":235,"column":2},"end":{"line":237,"column":2}}},"16":{"name":"moveTokens","line":239,"loc":{"start":{"line":239,"column":2},"end":{"line":243,"column":2}}},"17":{"name":"setDoomBalances","line":245,"loc":{"start":{"line":245,"column":2},"end":{"line":247,"column":2}}},"18":{"name":"setSummonDelay","line":249,"loc":{"start":{"line":249,"column":2},"end":{"line":251,"column":2}}},"19":{"name":"setNextSummonTime","line":253,"loc":{"start":{"line":253,"column":2},"end":{"line":255,"column":2}}},"20":{"name":"pendingDoom","line":257,"loc":{"start":{"line":257,"column":2},"end":{"line":260,"column":2}}}},"statementMap":{"1":{"start":{"line":52,"column":4},"end":{"line":52,"column":70}},"2":{"start":{"line":59,"column":4},"end":{"line":59,"column":45}},"3":{"start":{"line":62,"column":4},"end":{"line":62,"column":43}},"4":{"start":{"line":65,"column":4},"end":{"line":65,"column":26}},"5":{"start":{"line":68,"column":4},"end":{"line":68,"column":20}},"6":{"start":{"line":71,"column":4},"end":{"line":71,"column":19}},"7":{"start":{"line":74,"column":4},"end":{"line":74,"column":13}},"8":{"start":{"line":77,"column":4},"end":{"line":77,"column":29}},"9":{"start":{"line":80,"column":4},"end":{"line":80,"column":43}},"10":{"start":{"line":86,"column":4},"end":{"line":86,"column":24}},"11":{"start":{"line":89,"column":4},"end":{"line":89,"column":67}},"12":{"start":{"line":92,"column":4},"end":{"line":92,"column":54}},"13":{"start":{"line":95,"column":4},"end":{"line":95,"column":2359}},"14":{"start":{"line":101,"column":4},"end":{"line":101,"column":2485}},"15":{"start":{"line":102,"column":6},"end":{"line":102,"column":41}},"16":{"start":{"line":106,"column":4},"end":{"line":106,"column":59}},"17":{"start":{"line":111,"column":4},"end":{"line":111,"column":24}},"18":{"start":{"line":114,"column":4},"end":{"line":114,"column":62}},"19":{"start":{"line":120,"column":4},"end":{"line":120,"column":50}},"20":{"start":{"line":125,"column":4},"end":{"line":125,"column":62}},"21":{"start":{"line":131,"column":4},"end":{"line":131,"column":50}},"22":{"start":{"line":137,"column":4},"end":{"line":137,"column":3518}},"23":{"start":{"line":138,"column":6},"end":{"line":138,"column":99}},"24":{"start":{"line":139,"column":6},"end":{"line":139,"column":54}},"25":{"start":{"line":142,"column":6},"end":{"line":142,"column":46}},"26":{"start":{"line":150,"column":4},"end":{"line":150,"column":24}},"27":{"start":{"line":153,"column":4},"end":{"line":153,"column":66}},"28":{"start":{"line":154,"column":4},"end":{"line":154,"column":75}},"29":{"start":{"line":155,"column":4},"end":{"line":155,"column":24}},"30":{"start":{"line":158,"column":4},"end":{"line":158,"column":67}},"31":{"start":{"line":161,"column":4},"end":{"line":161,"column":70}},"32":{"start":{"line":164,"column":4},"end":{"line":164,"column":59}},"33":{"start":{"line":167,"column":4},"end":{"line":167,"column":4514}},"34":{"start":{"line":168,"column":6},"end":{"line":168,"column":39}},"35":{"start":{"line":172,"column":4},"end":{"line":172,"column":4634}},"36":{"start":{"line":194,"column":4},"end":{"line":194,"column":79}},"37":{"start":{"line":195,"column":4},"end":{"line":195,"column":33}},"38":{"start":{"line":198,"column":4},"end":{"line":198,"column":14}},"39":{"start":{"line":203,"column":4},"end":{"line":203,"column":39}},"40":{"start":{"line":206,"column":4},"end":{"line":206,"column":61}},"41":{"start":{"line":210,"column":4},"end":{"line":210,"column":13}},"42":{"start":{"line":214,"column":4},"end":{"line":214,"column":15}},"43":{"start":{"line":218,"column":4},"end":{"line":218,"column":17}},"44":{"start":{"line":222,"column":4},"end":{"line":222,"column":15}},"45":{"start":{"line":226,"column":4},"end":{"line":226,"column":14}},"46":{"start":{"line":230,"column":4},"end":{"line":230,"column":54}},"47":{"start":{"line":231,"column":4},"end":{"line":231,"column":15}},"48":{"start":{"line":236,"column":4},"end":{"line":236,"column":34}},"49":{"start":{"line":240,"column":4},"end":{"line":240,"column":60}},"50":{"start":{"line":241,"column":4},"end":{"line":241,"column":40}},"51":{"start":{"line":242,"column":4},"end":{"line":242,"column":37}},"52":{"start":{"line":246,"column":4},"end":{"line":246,"column":22}},"53":{"start":{"line":250,"column":4},"end":{"line":250,"column":21}},"54":{"start":{"line":254,"column":4},"end":{"line":254,"column":24}},"55":{"start":{"line":258,"column":4},"end":{"line":258,"column":97}},"56":{"start":{"line":259,"column":4},"end":{"line":259,"column":22}}},"branchMap":{"1":{"line":52,"type":"if","locations":[{"start":{"line":52,"column":4},"end":{"line":52,"column":4}},{"start":{"line":52,"column":4},"end":{"line":52,"column":4}}]},"2":{"line":92,"type":"if","locations":[{"start":{"line":92,"column":4},"end":{"line":92,"column":4}},{"start":{"line":92,"column":4},"end":{"line":92,"column":4}}]},"3":{"line":101,"type":"if","locations":[{"start":{"line":101,"column":4},"end":{"line":101,"column":4}},{"start":{"line":101,"column":4},"end":{"line":101,"column":4}}]},"4":{"line":137,"type":"if","locations":[{"start":{"line":137,"column":4},"end":{"line":137,"column":4}},{"start":{"line":137,"column":4},"end":{"line":137,"column":4}}]},"5":{"line":153,"type":"if","locations":[{"start":{"line":153,"column":4},"end":{"line":153,"column":4}},{"start":{"line":153,"column":4},"end":{"line":153,"column":4}}]},"6":{"line":154,"type":"if","locations":[{"start":{"line":154,"column":4},"end":{"line":154,"column":4}},{"start":{"line":154,"column":4},"end":{"line":154,"column":4}}]},"7":{"line":167,"type":"if","locations":[{"start":{"line":167,"column":4},"end":{"line":167,"column":4}},{"start":{"line":167,"column":4},"end":{"line":167,"column":4}}]},"8":{"line":230,"type":"if","locations":[{"start":{"line":230,"column":4},"end":{"line":230,"column":4}},{"start":{"line":230,"column":4},"end":{"line":230,"column":4}}]},"9":{"line":240,"type":"if","locations":[{"start":{"line":240,"column":4},"end":{"line":240,"column":4}},{"start":{"line":240,"column":4},"end":{"line":240,"column":4}}]}}},
"contracts/UsesMon.sol":{"l":{},"path":"/home/owen/GitHub/0xmons-contracts/contracts/UsesMon.sol","s":{},"b":{},"f":{},"fnMap":{},"statementMap":{},"branchMap":{}},
"contracts/XMON.sol":{"l":{"18":3,"19":3,"23":8,"28":5,"29":5,"34":44,"35":3,"36":3,"37":3,"38":3,"40":41,"42":44,"47":77,"48":36,"49":36,"50":36,"51":36,"53":77,"54":77,"55":77,"59":0,"60":0},"path":"/home/owen/GitHub/0xmons-contracts/contracts/XMON.sol","s":{"1":3,"2":3,"3":8,"4":5,"5":5,"6":44,"7":3,"8":3,"9":3,"10":3,"11":41,"12":44,"13":77,"14":36,"15":36,"16":36,"17":36,"18":77,"19":77,"20":77,"21":0,"22":0},"b":{"1":[5,0],"2":[3,41],"3":[36,41]},"f":{"1":3,"2":8,"3":5,"4":44,"5":77,"6":0},"fnMap":{"1":{"name":"constructor","line":17,"loc":{"start":{"line":17,"column":2},"end":{"line":20,"column":2}}},"2":{"name":"setWhitelist","line":22,"loc":{"start":{"line":22,"column":2},"end":{"line":24,"column":2}}},"3":{"name":"setTransferFee","line":27,"loc":{"start":{"line":27,"column":2},"end":{"line":30,"column":2}}},"4":{"name":"transfer","line":33,"loc":{"start":{"line":33,"column":2},"end":{"line":43,"column":2}}},"5":{"name":"transferFrom","line":46,"loc":{"start":{"line":46,"column":2},"end":{"line":56,"column":2}}},"6":{"name":"moveTokens","line":58,"loc":{"start":{"line":58,"column":2},"end":{"line":61,"column":2}}}},"statementMap":{"1":{"start":{"line":18,"column":4},"end":{"line":18,"column":33}},"2":{"start":{"line":19,"column":4},"end":{"line":19,"column":18}},"3":{"start":{"line":23,"column":4},"end":{"line":23,"column":19}},"4":{"start":{"line":28,"column":4},"end":{"line":28,"column":55}},"5":{"start":{"line":29,"column":4},"end":{"line":29,"column":20}},"6":{"start":{"line":34,"column":4},"end":{"line":34,"column":964}},"7":{"start":{"line":35,"column":6},"end":{"line":35,"column":52}},"8":{"start":{"line":36,"column":6},"end":{"line":36,"column":42}},"9":{"start":{"line":37,"column":6},"end":{"line":37,"column":54}},"10":{"start":{"line":38,"column":6},"end":{"line":38,"column":48}},"11":{"start":{"line":40,"column":6},"end":{"line":40,"column":47}},"12":{"start":{"line":42,"column":4},"end":{"line":42,"column":15}},"13":{"start":{"line":47,"column":4},"end":{"line":47,"column":1499}},"14":{"start":{"line":48,"column":6},"end":{"line":48,"column":52}},"15":{"start":{"line":49,"column":6},"end":{"line":49,"column":42}},"16":{"start":{"line":50,"column":6},"end":{"line":50,"column":27}},"17":{"start":{"line":51,"column":6},"end":{"line":51,"column":42}},"18":{"start":{"line":53,"column":4},"end":{"line":53,"column":39}},"19":{"start":{"line":54,"column":4},"end":{"line":54,"column":121}},"20":{"start":{"line":55,"column":4},"end":{"line":55,"column":15}},"21":{"start":{"line":59,"column":4},"end":{"line":59,"column":40}},"22":{"start":{"line":60,"column":4},"end":{"line":60,"column":37}}},"branchMap":{"1":{"line":28,"type":"if","locations":[{"start":{"line":28,"column":4},"end":{"line":28,"column":4}},{"start":{"line":28,"column":4},"end":{"line":28,"column":4}}]},"2":{"line":34,"type":"if","locations":[{"start":{"line":34,"column":4},"end":{"line":34,"column":4}},{"start":{"line":34,"column":4},"end":{"line":34,"column":4}}]},"3":{"line":47,"type":"if","locations":[{"start":{"line":47,"column":4},"end":{"line":47,"column":4}},{"start":{"line":47,"column":4},"end":{"line":47,"column":4}}]}}}}
