{
"contracts/IMonMinter.sol":{"l":{},"path":"/home/owen/GitHub/0xmons-contracts/contracts/IMonMinter.sol","s":{},"b":{},"f":{},"fnMap":{},"statementMap":{},"branchMap":{}},
"contracts/IXMON.sol":{"l":{},"path":"/home/owen/GitHub/0xmons-contracts/contracts/IXMON.sol","s":{},"b":{},"f":{},"fnMap":{},"statementMap":{},"branchMap":{}},
"contracts/MonMinter.sol":{"l":{"16":18,"17":10,"21":56,"22":50,"38":3,"41":3,"44":3,"56":42,"57":42,"58":42,"67":42,"68":42,"81":3,"82":3,"83":2,"84":1,"86":2,"87":1,"89":2,"90":1,"92":2,"93":1,"95":2,"96":1,"98":2,"99":2,"103":1,"104":1,"105":1,"106":1,"107":1,"108":1,"114":5,"119":2,"124":1,"125":1,"130":1,"135":6},"path":"/home/owen/GitHub/0xmons-contracts/contracts/MonMinter.sol","s":{"1":18,"2":56,"3":3,"4":3,"5":3,"6":42,"7":42,"8":42,"9":42,"10":42,"11":3,"12":3,"13":2,"14":1,"15":2,"16":1,"17":2,"18":1,"19":2,"20":1,"21":2,"22":1,"23":2,"24":2,"25":1,"26":1,"27":1,"28":1,"29":1,"30":1,"31":5,"32":2,"33":1,"34":1,"35":1,"36":6},"b":{"1":[10,8],"2":[50,6],"3":[2,1],"4":[1,1],"5":[1,1],"6":[1,1],"7":[1,1],"8":[1,1],"9":[2,0]},"f":{"1":18,"2":56,"3":3,"4":42,"5":3,"6":5,"7":2,"8":1,"9":1,"10":6},"fnMap":{"1":{"name":"onlyAdmin","line":15,"loc":{"start":{"line":15,"column":2},"end":{"line":18,"column":2}}},"2":{"name":"onlyMinter","line":20,"loc":{"start":{"line":20,"column":2},"end":{"line":23,"column":2}}},"3":{"name":"constructor","line":35,"loc":{"start":{"line":35,"column":2},"end":{"line":45,"column":2}}},"4":{"name":"mintMonster","line":55,"loc":{"start":{"line":48,"column":2},"end":{"line":69,"column":2}}},"5":{"name":"modifyMon","line":80,"loc":{"start":{"line":72,"column":2},"end":{"line":110,"column":2}}},"6":{"name":"setTokenURI","line":113,"loc":{"start":{"line":113,"column":2},"end":{"line":115,"column":2}}},"7":{"name":"setBaseURI","line":118,"loc":{"start":{"line":118,"column":2},"end":{"line":120,"column":2}}},"8":{"name":"moveTokens","line":123,"loc":{"start":{"line":123,"column":2},"end":{"line":126,"column":2}}},"9":{"name":"setRarityTitle","line":129,"loc":{"start":{"line":129,"column":2},"end":{"line":131,"column":2}}},"10":{"name":"setMinterRole","line":134,"loc":{"start":{"line":134,"column":2},"end":{"line":136,"column":2}}}},"statementMap":{"1":{"start":{"line":16,"column":4},"end":{"line":16,"column":64}},"2":{"start":{"line":21,"column":4},"end":{"line":21,"column":58}},"3":{"start":{"line":38,"column":4},"end":{"line":38,"column":45}},"4":{"start":{"line":41,"column":4},"end":{"line":41,"column":37}},"5":{"start":{"line":44,"column":4},"end":{"line":44,"column":45}},"6":{"start":{"line":56,"column":4},"end":{"line":56,"column":37}},"7":{"start":{"line":57,"column":4},"end":{"line":57,"column":21}},"8":{"start":{"line":58,"column":4},"end":{"line":58,"column":1717}},"9":{"start":{"line":67,"column":4},"end":{"line":67,"column":24}},"10":{"start":{"line":68,"column":4},"end":{"line":68,"column":18}},"11":{"start":{"line":81,"column":4},"end":{"line":81,"column":40}},"12":{"start":{"line":82,"column":4},"end":{"line":82,"column":2282}},"13":{"start":{"line":83,"column":6},"end":{"line":83,"column":2309}},"14":{"start":{"line":84,"column":8},"end":{"line":84,"column":32}},"15":{"start":{"line":86,"column":6},"end":{"line":86,"column":2378}},"16":{"start":{"line":87,"column":8},"end":{"line":87,"column":32}},"17":{"start":{"line":89,"column":6},"end":{"line":89,"column":2447}},"18":{"start":{"line":90,"column":8},"end":{"line":90,"column":24}},"19":{"start":{"line":92,"column":6},"end":{"line":92,"column":2504}},"20":{"start":{"line":93,"column":8},"end":{"line":93,"column":26}},"21":{"start":{"line":95,"column":6},"end":{"line":95,"column":2564}},"22":{"start":{"line":96,"column":8},"end":{"line":96,"column":24}},"23":{"start":{"line":98,"column":6},"end":{"line":98,"column":2621}},"24":{"start":{"line":99,"column":8},"end":{"line":99,"column":30}},"25":{"start":{"line":103,"column":6},"end":{"line":103,"column":30}},"26":{"start":{"line":104,"column":6},"end":{"line":104,"column":30}},"27":{"start":{"line":105,"column":6},"end":{"line":105,"column":22}},"28":{"start":{"line":106,"column":6},"end":{"line":106,"column":24}},"29":{"start":{"line":107,"column":6},"end":{"line":107,"column":22}},"30":{"start":{"line":108,"column":6},"end":{"line":108,"column":28}},"31":{"start":{"line":114,"column":4},"end":{"line":114,"column":24}},"32":{"start":{"line":119,"column":4},"end":{"line":119,"column":19}},"33":{"start":{"line":124,"column":4},"end":{"line":124,"column":40}},"34":{"start":{"line":125,"column":4},"end":{"line":125,"column":37}},"35":{"start":{"line":130,"column":4},"end":{"line":130,"column":24}},"36":{"start":{"line":135,"column":4},"end":{"line":135,"column":28}}},"branchMap":{"1":{"line":16,"type":"if","locations":[{"start":{"line":16,"column":4},"end":{"line":16,"column":4}},{"start":{"line":16,"column":4},"end":{"line":16,"column":4}}]},"2":{"line":21,"type":"if","locations":[{"start":{"line":21,"column":4},"end":{"line":21,"column":4}},{"start":{"line":21,"column":4},"end":{"line":21,"column":4}}]},"3":{"line":82,"type":"if","locations":[{"start":{"line":82,"column":4},"end":{"line":82,"column":4}},{"start":{"line":82,"column":4},"end":{"line":82,"column":4}}]},"4":{"line":83,"type":"if","locations":[{"start":{"line":83,"column":6},"end":{"line":83,"column":6}},{"start":{"line":83,"column":6},"end":{"line":83,"column":6}}]},"5":{"line":86,"type":"if","locations":[{"start":{"line":86,"column":6},"end":{"line":86,"column":6}},{"start":{"line":86,"column":6},"end":{"line":86,"column":6}}]},"6":{"line":89,"type":"if","locations":[{"start":{"line":89,"column":6},"end":{"line":89,"column":6}},{"start":{"line":89,"column":6},"end":{"line":89,"column":6}}]},"7":{"line":92,"type":"if","locations":[{"start":{"line":92,"column":6},"end":{"line":92,"column":6}},{"start":{"line":92,"column":6},"end":{"line":92,"column":6}}]},"8":{"line":95,"type":"if","locations":[{"start":{"line":95,"column":6},"end":{"line":95,"column":6}},{"start":{"line":95,"column":6},"end":{"line":95,"column":6}}]},"9":{"line":98,"type":"if","locations":[{"start":{"line":98,"column":6},"end":{"line":98,"column":6}},{"start":{"line":98,"column":6},"end":{"line":98,"column":6}}]}}},
"contracts/MonSpawner.sol":{"l":{"19":34,"20":18,"24":5,"25":3,"58":3,"62":16,"63":14,"64":12,"65":8,"66":6,"69":4,"72":4,"74":4,"75":4,"78":4,"79":4,"82":4,"83":4,"84":1,"88":4,"100":4,"101":4,"103":4,"107":3,"111":2,"115":2,"119":2,"123":1,"127":4,"128":2,"132":4,"133":2,"137":2,"141":1,"142":1},"path":"/home/owen/GitHub/0xmons-contracts/contracts/MonSpawner.sol","s":{"1":34,"2":5,"3":3,"4":16,"5":14,"6":12,"7":8,"8":6,"9":4,"10":4,"11":4,"12":4,"13":4,"14":4,"15":4,"16":4,"17":1,"18":4,"19":4,"20":4,"21":4,"22":3,"23":2,"24":2,"25":2,"26":1,"27":4,"28":2,"29":4,"30":2,"31":2,"32":1,"33":1},"b":{"1":[18,16],"2":[3,2],"3":[14,2],"4":[12,2],"5":[8,4],"6":[6,2],"7":[4,2],"8":[1,3],"9":[2,2],"10":[2,2]},"f":{"1":34,"2":5,"3":3,"4":16,"5":3,"6":2,"7":2,"8":2,"9":1,"10":4,"11":4,"12":2,"13":1},"fnMap":{"1":{"name":"onlyAdmin","line":18,"loc":{"start":{"line":18,"column":2},"end":{"line":21,"column":2}}},"2":{"name":"onlySpawnerAdmin","line":23,"loc":{"start":{"line":23,"column":2},"end":{"line":26,"column":2}}},"3":{"name":"constructor","line":56,"loc":{"start":{"line":56,"column":2},"end":{"line":59,"column":2}}},"4":{"name":"spawnNewMon","line":61,"loc":{"start":{"line":61,"column":2},"end":{"line":104,"column":2}}},"5":{"name":"setMonUnlock","line":106,"loc":{"start":{"line":106,"column":2},"end":{"line":108,"column":2}}},"6":{"name":"setInitialDelay","line":110,"loc":{"start":{"line":110,"column":2},"end":{"line":112,"column":2}}},"7":{"name":"setExtraDelay","line":114,"loc":{"start":{"line":114,"column":2},"end":{"line":116,"column":2}}},"8":{"name":"setPrefixURI","line":118,"loc":{"start":{"line":118,"column":2},"end":{"line":120,"column":2}}},"9":{"name":"setSpawnFee","line":122,"loc":{"start":{"line":122,"column":2},"end":{"line":124,"column":2}}},"10":{"name":"setXMON","line":126,"loc":{"start":{"line":126,"column":2},"end":{"line":129,"column":2}}},"11":{"name":"setMonMinter","line":131,"loc":{"start":{"line":131,"column":2},"end":{"line":134,"column":2}}},"12":{"name":"setSpawnerAdminRole","line":136,"loc":{"start":{"line":136,"column":2},"end":{"line":138,"column":2}}},"13":{"name":"moveTokens","line":140,"loc":{"start":{"line":140,"column":2},"end":{"line":143,"column":2}}}},"statementMap":{"1":{"start":{"line":19,"column":4},"end":{"line":19,"column":64}},"2":{"start":{"line":24,"column":4},"end":{"line":24,"column":72}},"3":{"start":{"line":58,"column":4},"end":{"line":58,"column":45}},"4":{"start":{"line":62,"column":4},"end":{"line":62,"column":71}},"5":{"start":{"line":63,"column":4},"end":{"line":63,"column":71}},"6":{"start":{"line":64,"column":4},"end":{"line":64,"column":104}},"7":{"start":{"line":65,"column":4},"end":{"line":65,"column":72}},"8":{"start":{"line":66,"column":4},"end":{"line":66,"column":72}},"9":{"start":{"line":69,"column":4},"end":{"line":69,"column":36}},"10":{"start":{"line":72,"column":4},"end":{"line":72,"column":57}},"11":{"start":{"line":74,"column":4},"end":{"line":74,"column":50}},"12":{"start":{"line":75,"column":4},"end":{"line":75,"column":50}},"13":{"start":{"line":78,"column":4},"end":{"line":78,"column":90}},"14":{"start":{"line":79,"column":4},"end":{"line":79,"column":90}},"15":{"start":{"line":82,"column":4},"end":{"line":82,"column":33}},"16":{"start":{"line":83,"column":4},"end":{"line":83,"column":2705}},"17":{"start":{"line":84,"column":6},"end":{"line":84,"column":26}},"18":{"start":{"line":88,"column":4},"end":{"line":88,"column":2801}},"19":{"start":{"line":100,"column":4},"end":{"line":100,"column":74}},"20":{"start":{"line":101,"column":4},"end":{"line":101,"column":33}},"21":{"start":{"line":103,"column":4},"end":{"line":103,"column":14}},"22":{"start":{"line":107,"column":4},"end":{"line":107,"column":27}},"23":{"start":{"line":111,"column":4},"end":{"line":111,"column":19}},"24":{"start":{"line":115,"column":4},"end":{"line":115,"column":17}},"25":{"start":{"line":119,"column":4},"end":{"line":119,"column":21}},"26":{"start":{"line":123,"column":4},"end":{"line":123,"column":15}},"27":{"start":{"line":127,"column":4},"end":{"line":127,"column":54}},"28":{"start":{"line":128,"column":4},"end":{"line":128,"column":30}},"29":{"start":{"line":132,"column":4},"end":{"line":132,"column":59}},"30":{"start":{"line":133,"column":4},"end":{"line":133,"column":28}},"31":{"start":{"line":137,"column":4},"end":{"line":137,"column":35}},"32":{"start":{"line":141,"column":4},"end":{"line":141,"column":40}},"33":{"start":{"line":142,"column":4},"end":{"line":142,"column":37}}},"branchMap":{"1":{"line":19,"type":"if","locations":[{"start":{"line":19,"column":4},"end":{"line":19,"column":4}},{"start":{"line":19,"column":4},"end":{"line":19,"column":4}}]},"2":{"line":24,"type":"if","locations":[{"start":{"line":24,"column":4},"end":{"line":24,"column":4}},{"start":{"line":24,"column":4},"end":{"line":24,"column":4}}]},"3":{"line":62,"type":"if","locations":[{"start":{"line":62,"column":4},"end":{"line":62,"column":4}},{"start":{"line":62,"column":4},"end":{"line":62,"column":4}}]},"4":{"line":63,"type":"if","locations":[{"start":{"line":63,"column":4},"end":{"line":63,"column":4}},{"start":{"line":63,"column":4},"end":{"line":63,"column":4}}]},"5":{"line":64,"type":"if","locations":[{"start":{"line":64,"column":4},"end":{"line":64,"column":4}},{"start":{"line":64,"column":4},"end":{"line":64,"column":4}}]},"6":{"line":65,"type":"if","locations":[{"start":{"line":65,"column":4},"end":{"line":65,"column":4}},{"start":{"line":65,"column":4},"end":{"line":65,"column":4}}]},"7":{"line":66,"type":"if","locations":[{"start":{"line":66,"column":4},"end":{"line":66,"column":4}},{"start":{"line":66,"column":4},"end":{"line":66,"column":4}}]},"8":{"line":83,"type":"if","locations":[{"start":{"line":83,"column":4},"end":{"line":83,"column":4}},{"start":{"line":83,"column":4},"end":{"line":83,"column":4}}]},"9":{"line":127,"type":"if","locations":[{"start":{"line":127,"column":4},"end":{"line":127,"column":4}},{"start":{"line":127,"column":4},"end":{"line":127,"column":4}}]},"10":{"line":132,"type":"if","locations":[{"start":{"line":132,"column":4},"end":{"line":132,"column":4}},{"start":{"line":132,"column":4},"end":{"line":132,"column":4}}]}}},
"contracts/MonStaker.sol":{"l":{"16":61,"17":39,"21":6,"22":2,"68":3,"71":3,"74":3,"77":3,"80":3,"83":3,"86":3,"92":43,"95":43,"98":43,"101":41,"107":41,"108":35,"112":41,"117":37,"120":37,"123":37,"126":37,"131":1,"134":1,"137":1,"143":119,"144":77,"145":77,"148":77,"156":38,"159":38,"160":34,"161":34,"164":34,"167":34,"170":34,"173":34,"176":34,"187":34,"192":31,"195":31,"199":2,"200":0,"201":0,"205":8,"206":6,"210":7,"211":5,"215":1,"219":5,"223":8,"227":3,"231":2,"235":2,"240":1,"244":1,"248":1,"252":1,"253":1},"path":"/home/owen/GitHub/0xmons-contracts/contracts/MonStaker.sol","s":{"1":61,"2":6,"3":3,"4":3,"5":3,"6":3,"7":3,"8":3,"9":3,"10":43,"11":43,"12":43,"13":41,"14":41,"15":35,"16":41,"17":37,"18":37,"19":37,"20":1,"21":1,"22":119,"23":77,"24":77,"25":77,"26":38,"27":38,"28":34,"29":34,"30":34,"31":34,"32":34,"33":34,"34":34,"35":34,"36":31,"37":31,"38":2,"39":0,"40":0,"41":8,"42":6,"43":7,"44":5,"45":1,"46":5,"47":8,"48":3,"49":2,"50":2,"51":1,"52":1,"53":1,"54":1,"55":1},"b":{"1":[39,22],"2":[2,4],"3":[41,2],"4":[35,6],"5":[77,42],"6":[34,4],"7":[34,0],"8":[34,0],"9":[0,2],"10":[6,2],"11":[5,2]},"f":{"1":61,"2":6,"3":3,"4":43,"5":37,"6":1,"7":119,"8":38,"9":31,"10":2,"11":8,"12":7,"13":1,"14":5,"15":8,"16":3,"17":2,"18":2,"19":1,"20":1,"21":1,"22":1},"fnMap":{"1":{"name":"onlyAdmin","line":15,"loc":{"start":{"line":15,"column":2},"end":{"line":18,"column":2}}},"2":{"name":"onlyStakerAdmin","line":20,"loc":{"start":{"line":20,"column":2},"end":{"line":23,"column":2}}},"3":{"name":"constructor","line":65,"loc":{"start":{"line":65,"column":2},"end":{"line":87,"column":2}}},"4":{"name":"addStake","line":89,"loc":{"start":{"line":89,"column":2},"end":{"line":113,"column":2}}},"5":{"name":"removeStake","line":115,"loc":{"start":{"line":115,"column":2},"end":{"line":127,"column":2}}},"6":{"name":"emergencyRemoveStake","line":129,"loc":{"start":{"line":129,"column":2},"end":{"line":138,"column":2}}},"7":{"name":"awardDoom","line":141,"loc":{"start":{"line":141,"column":2},"end":{"line":150,"column":2}}},"8":{"name":"claimMon","line":153,"loc":{"start":{"line":153,"column":2},"end":{"line":188,"column":2}}},"9":{"name":"resetDelay","line":190,"loc":{"start":{"line":190,"column":2},"end":{"line":196,"column":2}}},"10":{"name":"moveTokens","line":198,"loc":{"start":{"line":198,"column":2},"end":{"line":202,"column":2}}},"11":{"name":"setXMON","line":204,"loc":{"start":{"line":204,"column":2},"end":{"line":207,"column":2}}},"12":{"name":"setMonMinter","line":209,"loc":{"start":{"line":209,"column":2},"end":{"line":212,"column":2}}},"13":{"name":"setRarity","line":214,"loc":{"start":{"line":214,"column":2},"end":{"line":216,"column":2}}},"14":{"name":"setMaxMons","line":218,"loc":{"start":{"line":218,"column":2},"end":{"line":220,"column":2}}},"15":{"name":"setMaxStake","line":222,"loc":{"start":{"line":222,"column":2},"end":{"line":224,"column":2}}},"16":{"name":"setStartDelay","line":226,"loc":{"start":{"line":226,"column":2},"end":{"line":228,"column":2}}},"17":{"name":"setResetFee","line":230,"loc":{"start":{"line":230,"column":2},"end":{"line":232,"column":2}}},"18":{"name":"setDoomFee","line":234,"loc":{"start":{"line":234,"column":2},"end":{"line":236,"column":2}}},"19":{"name":"setStakerAdminRole","line":239,"loc":{"start":{"line":239,"column":2},"end":{"line":241,"column":2}}},"20":{"name":"setDoomBalances","line":243,"loc":{"start":{"line":243,"column":2},"end":{"line":245,"column":2}}},"21":{"name":"setSummonDelay","line":247,"loc":{"start":{"line":247,"column":2},"end":{"line":249,"column":2}}},"22":{"name":"pendingDoom","line":251,"loc":{"start":{"line":251,"column":2},"end":{"line":254,"column":2}}}},"statementMap":{"1":{"start":{"line":16,"column":4},"end":{"line":16,"column":64}},"2":{"start":{"line":21,"column":4},"end":{"line":21,"column":70}},"3":{"start":{"line":68,"column":4},"end":{"line":68,"column":45}},"4":{"start":{"line":71,"column":4},"end":{"line":71,"column":43}},"5":{"start":{"line":74,"column":4},"end":{"line":74,"column":26}},"6":{"start":{"line":77,"column":4},"end":{"line":77,"column":26}},"7":{"start":{"line":80,"column":4},"end":{"line":80,"column":20}},"8":{"start":{"line":83,"column":4},"end":{"line":83,"column":16}},"9":{"start":{"line":86,"column":4},"end":{"line":86,"column":13}},"10":{"start":{"line":92,"column":4},"end":{"line":92,"column":24}},"11":{"start":{"line":95,"column":4},"end":{"line":95,"column":67}},"12":{"start":{"line":98,"column":4},"end":{"line":98,"column":54}},"13":{"start":{"line":101,"column":4},"end":{"line":101,"column":2423}},"14":{"start":{"line":107,"column":4},"end":{"line":107,"column":2549}},"15":{"start":{"line":108,"column":6},"end":{"line":108,"column":41}},"16":{"start":{"line":112,"column":4},"end":{"line":112,"column":59}},"17":{"start":{"line":117,"column":4},"end":{"line":117,"column":24}},"18":{"start":{"line":120,"column":4},"end":{"line":120,"column":62}},"19":{"start":{"line":126,"column":4},"end":{"line":126,"column":50}},"20":{"start":{"line":131,"column":4},"end":{"line":131,"column":62}},"21":{"start":{"line":137,"column":4},"end":{"line":137,"column":50}},"22":{"start":{"line":143,"column":4},"end":{"line":143,"column":3582}},"23":{"start":{"line":144,"column":6},"end":{"line":144,"column":99}},"24":{"start":{"line":145,"column":6},"end":{"line":145,"column":54}},"25":{"start":{"line":148,"column":6},"end":{"line":148,"column":46}},"26":{"start":{"line":156,"column":4},"end":{"line":156,"column":24}},"27":{"start":{"line":159,"column":4},"end":{"line":159,"column":66}},"28":{"start":{"line":160,"column":4},"end":{"line":160,"column":75}},"29":{"start":{"line":161,"column":4},"end":{"line":161,"column":49}},"30":{"start":{"line":164,"column":4},"end":{"line":164,"column":67}},"31":{"start":{"line":167,"column":4},"end":{"line":167,"column":70}},"32":{"start":{"line":170,"column":4},"end":{"line":170,"column":59}},"33":{"start":{"line":173,"column":4},"end":{"line":173,"column":27}},"34":{"start":{"line":176,"column":4},"end":{"line":176,"column":4643}},"35":{"start":{"line":187,"column":4},"end":{"line":187,"column":14}},"36":{"start":{"line":192,"column":4},"end":{"line":192,"column":39}},"37":{"start":{"line":195,"column":4},"end":{"line":195,"column":61}},"38":{"start":{"line":199,"column":4},"end":{"line":199,"column":60}},"39":{"start":{"line":200,"column":4},"end":{"line":200,"column":40}},"40":{"start":{"line":201,"column":4},"end":{"line":201,"column":37}},"41":{"start":{"line":205,"column":4},"end":{"line":205,"column":54}},"42":{"start":{"line":206,"column":4},"end":{"line":206,"column":30}},"43":{"start":{"line":210,"column":4},"end":{"line":210,"column":59}},"44":{"start":{"line":211,"column":4},"end":{"line":211,"column":28}},"45":{"start":{"line":215,"column":4},"end":{"line":215,"column":13}},"46":{"start":{"line":219,"column":4},"end":{"line":219,"column":14}},"47":{"start":{"line":223,"column":4},"end":{"line":223,"column":15}},"48":{"start":{"line":227,"column":4},"end":{"line":227,"column":17}},"49":{"start":{"line":231,"column":4},"end":{"line":231,"column":15}},"50":{"start":{"line":235,"column":4},"end":{"line":235,"column":14}},"51":{"start":{"line":240,"column":4},"end":{"line":240,"column":34}},"52":{"start":{"line":244,"column":4},"end":{"line":244,"column":22}},"53":{"start":{"line":248,"column":4},"end":{"line":248,"column":21}},"54":{"start":{"line":252,"column":4},"end":{"line":252,"column":97}},"55":{"start":{"line":253,"column":4},"end":{"line":253,"column":22}}},"branchMap":{"1":{"line":16,"type":"if","locations":[{"start":{"line":16,"column":4},"end":{"line":16,"column":4}},{"start":{"line":16,"column":4},"end":{"line":16,"column":4}}]},"2":{"line":21,"type":"if","locations":[{"start":{"line":21,"column":4},"end":{"line":21,"column":4}},{"start":{"line":21,"column":4},"end":{"line":21,"column":4}}]},"3":{"line":98,"type":"if","locations":[{"start":{"line":98,"column":4},"end":{"line":98,"column":4}},{"start":{"line":98,"column":4},"end":{"line":98,"column":4}}]},"4":{"line":107,"type":"if","locations":[{"start":{"line":107,"column":4},"end":{"line":107,"column":4}},{"start":{"line":107,"column":4},"end":{"line":107,"column":4}}]},"5":{"line":143,"type":"if","locations":[{"start":{"line":143,"column":4},"end":{"line":143,"column":4}},{"start":{"line":143,"column":4},"end":{"line":143,"column":4}}]},"6":{"line":159,"type":"if","locations":[{"start":{"line":159,"column":4},"end":{"line":159,"column":4}},{"start":{"line":159,"column":4},"end":{"line":159,"column":4}}]},"7":{"line":160,"type":"if","locations":[{"start":{"line":160,"column":4},"end":{"line":160,"column":4}},{"start":{"line":160,"column":4},"end":{"line":160,"column":4}}]},"8":{"line":161,"type":"if","locations":[{"start":{"line":161,"column":4},"end":{"line":161,"column":4}},{"start":{"line":161,"column":4},"end":{"line":161,"column":4}}]},"9":{"line":199,"type":"if","locations":[{"start":{"line":199,"column":4},"end":{"line":199,"column":4}},{"start":{"line":199,"column":4},"end":{"line":199,"column":4}}]},"10":{"line":205,"type":"if","locations":[{"start":{"line":205,"column":4},"end":{"line":205,"column":4}},{"start":{"line":205,"column":4},"end":{"line":205,"column":4}}]},"11":{"line":210,"type":"if","locations":[{"start":{"line":210,"column":4},"end":{"line":210,"column":4}},{"start":{"line":210,"column":4},"end":{"line":210,"column":4}}]}}},
"contracts/UsesMon.sol":{"l":{},"path":"/home/owen/GitHub/0xmons-contracts/contracts/UsesMon.sol","s":{},"b":{},"f":{},"fnMap":{},"statementMap":{},"branchMap":{}},
"contracts/XMON.sol":{"l":{"18":3,"19":3,"23":8,"28":5,"29":5,"34":44,"35":3,"36":3,"37":3,"38":3,"40":41,"42":44,"47":76,"48":35,"49":35,"50":35,"51":35,"53":76,"54":76,"55":76,"59":0,"60":0},"path":"/home/owen/GitHub/0xmons-contracts/contracts/XMON.sol","s":{"1":3,"2":3,"3":8,"4":5,"5":5,"6":44,"7":3,"8":3,"9":3,"10":3,"11":41,"12":44,"13":76,"14":35,"15":35,"16":35,"17":35,"18":76,"19":76,"20":76,"21":0,"22":0},"b":{"1":[5,0],"2":[3,41],"3":[35,41]},"f":{"1":3,"2":8,"3":5,"4":44,"5":76,"6":0},"fnMap":{"1":{"name":"constructor","line":17,"loc":{"start":{"line":17,"column":2},"end":{"line":20,"column":2}}},"2":{"name":"setWhitelist","line":22,"loc":{"start":{"line":22,"column":2},"end":{"line":24,"column":2}}},"3":{"name":"setTransferFee","line":27,"loc":{"start":{"line":27,"column":2},"end":{"line":30,"column":2}}},"4":{"name":"transfer","line":33,"loc":{"start":{"line":33,"column":2},"end":{"line":43,"column":2}}},"5":{"name":"transferFrom","line":46,"loc":{"start":{"line":46,"column":2},"end":{"line":56,"column":2}}},"6":{"name":"moveTokens","line":58,"loc":{"start":{"line":58,"column":2},"end":{"line":61,"column":2}}}},"statementMap":{"1":{"start":{"line":18,"column":4},"end":{"line":18,"column":33}},"2":{"start":{"line":19,"column":4},"end":{"line":19,"column":18}},"3":{"start":{"line":23,"column":4},"end":{"line":23,"column":19}},"4":{"start":{"line":28,"column":4},"end":{"line":28,"column":55}},"5":{"start":{"line":29,"column":4},"end":{"line":29,"column":20}},"6":{"start":{"line":34,"column":4},"end":{"line":34,"column":964}},"7":{"start":{"line":35,"column":6},"end":{"line":35,"column":52}},"8":{"start":{"line":36,"column":6},"end":{"line":36,"column":42}},"9":{"start":{"line":37,"column":6},"end":{"line":37,"column":54}},"10":{"start":{"line":38,"column":6},"end":{"line":38,"column":48}},"11":{"start":{"line":40,"column":6},"end":{"line":40,"column":47}},"12":{"start":{"line":42,"column":4},"end":{"line":42,"column":15}},"13":{"start":{"line":47,"column":4},"end":{"line":47,"column":1499}},"14":{"start":{"line":48,"column":6},"end":{"line":48,"column":52}},"15":{"start":{"line":49,"column":6},"end":{"line":49,"column":42}},"16":{"start":{"line":50,"column":6},"end":{"line":50,"column":27}},"17":{"start":{"line":51,"column":6},"end":{"line":51,"column":42}},"18":{"start":{"line":53,"column":4},"end":{"line":53,"column":39}},"19":{"start":{"line":54,"column":4},"end":{"line":54,"column":121}},"20":{"start":{"line":55,"column":4},"end":{"line":55,"column":15}},"21":{"start":{"line":59,"column":4},"end":{"line":59,"column":40}},"22":{"start":{"line":60,"column":4},"end":{"line":60,"column":37}}},"branchMap":{"1":{"line":28,"type":"if","locations":[{"start":{"line":28,"column":4},"end":{"line":28,"column":4}},{"start":{"line":28,"column":4},"end":{"line":28,"column":4}}]},"2":{"line":34,"type":"if","locations":[{"start":{"line":34,"column":4},"end":{"line":34,"column":4}},{"start":{"line":34,"column":4},"end":{"line":34,"column":4}}]},"3":{"line":47,"type":"if","locations":[{"start":{"line":47,"column":4},"end":{"line":47,"column":4}},{"start":{"line":47,"column":4},"end":{"line":47,"column":4}}]}}}}
