TN:
SF:/home/owen/GitHub/0xmons-contracts/contracts/IMonMinter.sol
FNF:0
FNH:0
LF:0
LH:0
BRF:0
BRH:0
end_of_record
TN:
SF:/home/owen/GitHub/0xmons-contracts/contracts/IXMON.sol
FNF:0
FNH:0
LF:0
LH:0
BRF:0
BRH:0
end_of_record
TN:
SF:/home/owen/GitHub/0xmons-contracts/contracts/MonCreatorInstance.sol
FN:23,onlyAdmin
FN:28,updateNumMons
FN:33,setMaxMons
FN:37,setPrefixURI
FNF:4
FNH:4
FNDA:74,onlyAdmin
FNDA:41,updateNumMons
FNDA:6,setMaxMons
FNDA:4,setPrefixURI
DA:24,74
DA:25,42
DA:29,41
DA:30,40
DA:34,6
DA:38,4
LF:6
LH:6
BRDA:24,1,0,42
BRDA:24,1,1,32
BRDA:29,2,0,40
BRDA:29,2,1,1
BRF:4
BRH:4
end_of_record
TN:
SF:/home/owen/GitHub/0xmons-contracts/contracts/MonMinter.sol
FN:15,onlyAdmin
FN:20,onlyMinter
FN:35,constructor
FN:76,mintMonster
FN:105,modifyMon
FN:146,setTokenURI
FN:151,setBaseURI
FN:156,moveTokens
FN:162,setRarityTitle
FN:167,setMinterRole
FNF:10
FNH:10
FNDA:18,onlyAdmin
FNDA:94,onlyMinter
FNDA:3,constructor
FNDA:44,mintMonster
FNDA:3,modifyMon
FNDA:41,setTokenURI
FNDA:3,setBaseURI
FNDA:1,moveTokens
FNDA:1,setRarityTitle
FNDA:5,setMinterRole
DA:16,18
DA:17,10
DA:21,94
DA:22,88
DA:38,3
DA:41,3
DA:44,3
DA:77,44
DA:78,44
DA:79,44
DA:90,44
DA:91,44
DA:106,3
DA:107,3
DA:108,2
DA:109,1
DA:111,2
DA:112,1
DA:114,2
DA:115,1
DA:117,2
DA:118,1
DA:120,2
DA:121,1
DA:123,2
DA:124,1
DA:126,2
DA:127,1
DA:129,2
DA:130,2
DA:134,1
DA:135,1
DA:136,1
DA:137,1
DA:138,1
DA:139,1
DA:140,1
DA:141,1
DA:147,41
DA:152,3
DA:157,1
DA:158,1
DA:163,1
DA:168,5
LF:44
LH:44
BRDA:16,1,0,10
BRDA:16,1,1,8
BRDA:21,2,0,88
BRDA:21,2,1,6
BRDA:107,3,0,2
BRDA:107,3,1,1
BRDA:108,4,0,1
BRDA:108,4,1,1
BRDA:111,5,0,1
BRDA:111,5,1,1
BRDA:114,6,0,1
BRDA:114,6,1,1
BRDA:117,7,0,1
BRDA:117,7,1,1
BRDA:120,8,0,1
BRDA:120,8,1,1
BRDA:123,9,0,1
BRDA:123,9,1,1
BRDA:126,10,0,1
BRDA:126,10,1,1
BRDA:129,11,0,2
BRDA:129,11,1,0
BRF:22
BRH:21
end_of_record
TN:
SF:/home/owen/GitHub/0xmons-contracts/contracts/MonSpawner.sol
FN:17,onlySpawnerAdmin
FN:39,constructor
FN:54,spawnNewMon
FN:113,setMonUnlock
FN:117,setInitialDelay
FN:121,setExtraDelay
FN:125,setSpawnFee
FN:129,setSpawnerAdminRole
FN:133,moveTokens
FNF:9
FNH:9
FNDA:5,onlySpawnerAdmin
FNDA:3,constructor
FNDA:20,spawnNewMon
FNDA:3,setMonUnlock
FNDA:2,setInitialDelay
FNDA:2,setExtraDelay
FNDA:1,setSpawnFee
FNDA:2,setSpawnerAdminRole
FNDA:1,moveTokens
DA:18,5
DA:19,3
DA:42,3
DA:45,3
DA:48,3
DA:51,3
DA:55,20
DA:56,18
DA:57,16
DA:58,12
DA:59,10
DA:60,8
DA:61,6
DA:64,5
DA:65,5
DA:68,5
DA:71,5
DA:72,5
DA:75,5
DA:76,5
DA:79,5
DA:80,5
DA:81,1
DA:85,5
DA:107,5
DA:108,5
DA:110,5
DA:114,3
DA:118,2
DA:122,2
DA:126,1
DA:130,2
DA:134,1
DA:135,1
LF:34
LH:34
BRDA:18,1,0,3
BRDA:18,1,1,2
BRDA:55,2,0,18
BRDA:55,2,1,2
BRDA:56,3,0,16
BRDA:56,3,1,2
BRDA:57,4,0,12
BRDA:57,4,1,4
BRDA:58,5,0,10
BRDA:58,5,1,2
BRDA:59,6,0,8
BRDA:59,6,1,2
BRDA:60,7,0,6
BRDA:60,7,1,2
BRDA:80,8,0,1
BRDA:80,8,1,4
BRF:16
BRH:16
end_of_record
TN:
SF:/home/owen/GitHub/0xmons-contracts/contracts/MonStaker.sol
FN:51,onlyStakerAdmin
FN:56,constructor
FN:83,addStake
FN:109,removeStake
FN:123,emergencyRemoveStake
FN:135,awardDoom
FN:147,claimMon
FN:201,resetDelay
FN:209,setRarity
FN:213,setMaxStake
FN:217,setStartDelay
FN:221,setResetFee
FN:225,setDoomFee
FN:229,setMaxDelay
FN:235,setStakerAdminRole
FN:239,moveTokens
FN:245,setDoomBalances
FN:249,setSummonDelay
FN:253,setNextSummonTime
FN:257,pendingDoom
FNF:20
FNH:20
FNDA:12,onlyStakerAdmin
FNDA:3,constructor
FNDA:43,addStake
FNDA:37,removeStake
FNDA:1,emergencyRemoveStake
FNDA:118,awardDoom
FNDA:37,claimMon
FNDA:31,resetDelay
FNDA:1,setRarity
FNDA:9,setMaxStake
FNDA:4,setStartDelay
FNDA:2,setResetFee
FNDA:2,setDoomFee
FNDA:2,setMaxDelay
FNDA:2,setStakerAdminRole
FNDA:2,moveTokens
FNDA:2,setDoomBalances
FNDA:2,setSummonDelay
FNDA:2,setNextSummonTime
FNDA:1,pendingDoom
DA:52,12
DA:53,6
DA:59,3
DA:62,3
DA:65,3
DA:68,3
DA:71,3
DA:74,3
DA:77,3
DA:80,3
DA:86,43
DA:89,43
DA:92,43
DA:95,41
DA:101,41
DA:102,35
DA:106,41
DA:111,37
DA:114,37
DA:117,37
DA:120,37
DA:125,1
DA:128,1
DA:131,1
DA:137,118
DA:138,75
DA:139,75
DA:142,75
DA:150,37
DA:153,37
DA:154,37
DA:155,35
DA:158,35
DA:161,35
DA:164,35
DA:167,35
DA:168,1
DA:172,35
DA:194,35
DA:195,35
DA:198,35
DA:203,31
DA:206,31
DA:210,1
DA:214,9
DA:218,4
DA:222,2
DA:226,2
DA:230,2
DA:231,2
DA:236,2
DA:240,2
DA:241,0
DA:242,0
DA:246,2
DA:250,2
DA:254,2
DA:258,1
DA:259,1
LF:59
LH:57
BRDA:52,1,0,6
BRDA:52,1,1,6
BRDA:92,2,0,41
BRDA:92,2,1,2
BRDA:101,3,0,35
BRDA:101,3,1,6
BRDA:137,4,0,75
BRDA:137,4,1,43
BRDA:153,5,0,37
BRDA:153,5,1,0
BRDA:154,6,0,35
BRDA:154,6,1,2
BRDA:167,7,0,1
BRDA:167,7,1,34
BRDA:230,8,0,2
BRDA:230,8,1,0
BRDA:240,9,0,0
BRDA:240,9,1,2
BRF:18
BRH:15
end_of_record
TN:
SF:/home/owen/GitHub/0xmons-contracts/contracts/UsesMon.sol
FNF:0
FNH:0
LF:0
LH:0
BRF:0
BRH:0
end_of_record
TN:
SF:/home/owen/GitHub/0xmons-contracts/contracts/XMON.sol
FN:17,constructor
FN:22,setWhitelist
FN:27,setTransferFee
FN:33,transfer
FN:46,transferFrom
FN:58,moveTokens
FNF:6
FNH:5
FNDA:3,constructor
FNDA:8,setWhitelist
FNDA:5,setTransferFee
FNDA:44,transfer
FNDA:77,transferFrom
FNDA:0,moveTokens
DA:18,3
DA:19,3
DA:23,8
DA:28,5
DA:29,5
DA:34,44
DA:35,3
DA:36,3
DA:37,3
DA:38,3
DA:40,41
DA:42,44
DA:47,77
DA:48,36
DA:49,36
DA:50,36
DA:51,36
DA:53,77
DA:54,77
DA:55,77
DA:59,0
DA:60,0
LF:22
LH:20
BRDA:28,1,0,5
BRDA:28,1,1,0
BRDA:34,2,0,3
BRDA:34,2,1,41
BRDA:47,3,0,36
BRDA:47,3,1,41
BRF:6
BRH:5
end_of_record
