TN:
SF:/home/owen/GitHub/0xmons-contracts/contracts/IMonMinter.sol
FNF:0
FNH:0
LF:0
LH:0
BRF:0
BRH:0
end_of_record
TN:
SF:/home/owen/GitHub/0xmons-contracts/contracts/IXMON.sol
FNF:0
FNH:0
LF:0
LH:0
BRF:0
BRH:0
end_of_record
TN:
SF:/home/owen/GitHub/0xmons-contracts/contracts/MonMinter.sol
FN:15,onlyAdmin
FN:20,onlyMinter
FN:35,constructor
FN:55,mintMonster
FN:80,modifyMon
FN:113,setTokenURI
FN:118,setBaseURI
FN:123,moveTokens
FN:129,setRarityTitle
FN:134,setMinterRole
FNF:10
FNH:10
FNDA:18,onlyAdmin
FNDA:56,onlyMinter
FNDA:3,constructor
FNDA:42,mintMonster
FNDA:3,modifyMon
FNDA:5,setTokenURI
FNDA:2,setBaseURI
FNDA:1,moveTokens
FNDA:1,setRarityTitle
FNDA:6,setMinterRole
DA:16,18
DA:17,10
DA:21,56
DA:22,50
DA:38,3
DA:41,3
DA:44,3
DA:56,42
DA:57,42
DA:58,42
DA:67,42
DA:68,42
DA:81,3
DA:82,3
DA:83,2
DA:84,1
DA:86,2
DA:87,1
DA:89,2
DA:90,1
DA:92,2
DA:93,1
DA:95,2
DA:96,1
DA:98,2
DA:99,2
DA:103,1
DA:104,1
DA:105,1
DA:106,1
DA:107,1
DA:108,1
DA:114,5
DA:119,2
DA:124,1
DA:125,1
DA:130,1
DA:135,6
LF:38
LH:38
BRDA:16,1,0,10
BRDA:16,1,1,8
BRDA:21,2,0,50
BRDA:21,2,1,6
BRDA:82,3,0,2
BRDA:82,3,1,1
BRDA:83,4,0,1
BRDA:83,4,1,1
BRDA:86,5,0,1
BRDA:86,5,1,1
BRDA:89,6,0,1
BRDA:89,6,1,1
BRDA:92,7,0,1
BRDA:92,7,1,1
BRDA:95,8,0,1
BRDA:95,8,1,1
BRDA:98,9,0,2
BRDA:98,9,1,0
BRF:18
BRH:17
end_of_record
TN:
SF:/home/owen/GitHub/0xmons-contracts/contracts/MonSpawner.sol
FN:18,onlyAdmin
FN:23,onlySpawnerAdmin
FN:56,constructor
FN:61,spawnNewMon
FN:106,setMonUnlock
FN:110,setInitialDelay
FN:114,setExtraDelay
FN:118,setPrefixURI
FN:122,setSpawnFee
FN:126,setXMON
FN:131,setMonMinter
FN:136,setSpawnerAdminRole
FN:140,moveTokens
FNF:13
FNH:13
FNDA:34,onlyAdmin
FNDA:5,onlySpawnerAdmin
FNDA:3,constructor
FNDA:16,spawnNewMon
FNDA:3,setMonUnlock
FNDA:2,setInitialDelay
FNDA:2,setExtraDelay
FNDA:2,setPrefixURI
FNDA:1,setSpawnFee
FNDA:4,setXMON
FNDA:4,setMonMinter
FNDA:2,setSpawnerAdminRole
FNDA:1,moveTokens
DA:19,34
DA:20,18
DA:24,5
DA:25,3
DA:58,3
DA:62,16
DA:63,14
DA:64,12
DA:65,8
DA:66,6
DA:69,4
DA:72,4
DA:74,4
DA:75,4
DA:78,4
DA:79,4
DA:82,4
DA:83,4
DA:84,1
DA:88,4
DA:100,4
DA:101,4
DA:103,4
DA:107,3
DA:111,2
DA:115,2
DA:119,2
DA:123,1
DA:127,4
DA:128,2
DA:132,4
DA:133,2
DA:137,2
DA:141,1
DA:142,1
LF:35
LH:35
BRDA:19,1,0,18
BRDA:19,1,1,16
BRDA:24,2,0,3
BRDA:24,2,1,2
BRDA:62,3,0,14
BRDA:62,3,1,2
BRDA:63,4,0,12
BRDA:63,4,1,2
BRDA:64,5,0,8
BRDA:64,5,1,4
BRDA:65,6,0,6
BRDA:65,6,1,2
BRDA:66,7,0,4
BRDA:66,7,1,2
BRDA:83,8,0,1
BRDA:83,8,1,3
BRDA:127,9,0,2
BRDA:127,9,1,2
BRDA:132,10,0,2
BRDA:132,10,1,2
BRF:20
BRH:20
end_of_record
TN:
SF:/home/owen/GitHub/0xmons-contracts/contracts/MonStaker.sol
FN:15,onlyAdmin
FN:20,onlyStakerAdmin
FN:65,constructor
FN:89,addStake
FN:115,removeStake
FN:129,emergencyRemoveStake
FN:141,awardDoom
FN:153,claimMon
FN:190,resetDelay
FN:198,moveTokens
FN:204,setXMON
FN:209,setMonMinter
FN:214,setRarity
FN:218,setMaxMons
FN:222,setMaxStake
FN:226,setStartDelay
FN:230,setResetFee
FN:234,setDoomFee
FN:239,setStakerAdminRole
FN:243,setDoomBalances
FN:247,setSummonDelay
FN:251,pendingDoom
FNF:22
FNH:22
FNDA:61,onlyAdmin
FNDA:6,onlyStakerAdmin
FNDA:3,constructor
FNDA:43,addStake
FNDA:37,removeStake
FNDA:1,emergencyRemoveStake
FNDA:119,awardDoom
FNDA:38,claimMon
FNDA:31,resetDelay
FNDA:2,moveTokens
FNDA:8,setXMON
FNDA:7,setMonMinter
FNDA:1,setRarity
FNDA:5,setMaxMons
FNDA:8,setMaxStake
FNDA:3,setStartDelay
FNDA:2,setResetFee
FNDA:2,setDoomFee
FNDA:1,setStakerAdminRole
FNDA:1,setDoomBalances
FNDA:1,setSummonDelay
FNDA:1,pendingDoom
DA:16,61
DA:17,39
DA:21,6
DA:22,2
DA:68,3
DA:71,3
DA:74,3
DA:77,3
DA:80,3
DA:83,3
DA:86,3
DA:92,43
DA:95,43
DA:98,43
DA:101,41
DA:107,41
DA:108,35
DA:112,41
DA:117,37
DA:120,37
DA:123,37
DA:126,37
DA:131,1
DA:134,1
DA:137,1
DA:143,119
DA:144,77
DA:145,77
DA:148,77
DA:156,38
DA:159,38
DA:160,34
DA:161,34
DA:164,34
DA:167,34
DA:170,34
DA:173,34
DA:176,34
DA:187,34
DA:192,31
DA:195,31
DA:199,2
DA:200,0
DA:201,0
DA:205,8
DA:206,6
DA:210,7
DA:211,5
DA:215,1
DA:219,5
DA:223,8
DA:227,3
DA:231,2
DA:235,2
DA:240,1
DA:244,1
DA:248,1
DA:252,1
DA:253,1
LF:59
LH:57
BRDA:16,1,0,39
BRDA:16,1,1,22
BRDA:21,2,0,2
BRDA:21,2,1,4
BRDA:98,3,0,41
BRDA:98,3,1,2
BRDA:107,4,0,35
BRDA:107,4,1,6
BRDA:143,5,0,77
BRDA:143,5,1,42
BRDA:159,6,0,34
BRDA:159,6,1,4
BRDA:160,7,0,34
BRDA:160,7,1,0
BRDA:161,8,0,34
BRDA:161,8,1,0
BRDA:199,9,0,0
BRDA:199,9,1,2
BRDA:205,10,0,6
BRDA:205,10,1,2
BRDA:210,11,0,5
BRDA:210,11,1,2
BRF:22
BRH:19
end_of_record
TN:
SF:/home/owen/GitHub/0xmons-contracts/contracts/UsesMon.sol
FNF:0
FNH:0
LF:0
LH:0
BRF:0
BRH:0
end_of_record
TN:
SF:/home/owen/GitHub/0xmons-contracts/contracts/XMON.sol
FN:17,constructor
FN:22,setWhitelist
FN:27,setTransferFee
FN:33,transfer
FN:46,transferFrom
FN:58,moveTokens
FNF:6
FNH:5
FNDA:3,constructor
FNDA:8,setWhitelist
FNDA:5,setTransferFee
FNDA:44,transfer
FNDA:76,transferFrom
FNDA:0,moveTokens
DA:18,3
DA:19,3
DA:23,8
DA:28,5
DA:29,5
DA:34,44
DA:35,3
DA:36,3
DA:37,3
DA:38,3
DA:40,41
DA:42,44
DA:47,76
DA:48,35
DA:49,35
DA:50,35
DA:51,35
DA:53,76
DA:54,76
DA:55,76
DA:59,0
DA:60,0
LF:22
LH:20
BRDA:28,1,0,5
BRDA:28,1,1,0
BRDA:34,2,0,3
BRDA:34,2,1,41
BRDA:47,3,0,35
BRDA:47,3,1,41
BRF:6
BRH:5
end_of_record
